{
  "stats": {
    "suites": 1,
    "tests": 2,
    "passes": 2,
    "pending": 0,
    "failures": 0,
    "start": "2021-05-31T00:12:37.947Z",
    "end": "2021-05-31T00:12:40.489Z",
    "duration": 2542,
    "testsRegistered": 2,
    "passPercent": 100,
    "pendingPercent": 0,
    "other": 0,
    "hasOther": false,
    "skipped": 0,
    "hasSkipped": false
  },
  "results": [
    {
      "uuid": "72f61bce-8e10-4ed9-81eb-06d381d712f4",
      "title": "",
      "fullFile": "cypress/integration/getUserDetails.feature",
      "file": "cypress/integration/getUserDetails.feature",
      "beforeHooks": [],
      "afterHooks": [],
      "tests": [],
      "suites": [
        {
          "uuid": "7ce37394-c75c-49d2-88db-6638d56b2fec",
          "title": "Get user details",
          "fullFile": "",
          "file": "",
          "beforeHooks": [],
          "afterHooks": [],
          "tests": [
            {
              "title": "Get user details with valid id",
              "fullTitle": "Get user details Get user details with valid id",
              "timedOut": null,
              "duration": 1996,
              "state": "passed",
              "speed": "slow",
              "pass": true,
              "fail": false,
              "pending": false,
              "context": null,
              "code": "const state = window.testState;\nreturn cy\n  .then(() => state.onStartScenario(scenario, indexedSteps))\n  .then(() =>\n    resolveAndRunBeforeHooks.call(this, scenario.tags, state.feature.name)\n  )\n  .then(() =>\n    indexedSteps.forEach((step) =>\n      stepTest.call(this, state, step, rowData)\n    )\n  )\n  .then(() => state.onFinishScenario(scenario));",
              "err": {},
              "uuid": "0361bfa8-88a1-4d98-b37e-b9dd5a5052cc",
              "parentUUID": "7ce37394-c75c-49d2-88db-6638d56b2fec",
              "isHook": false,
              "skipped": false
            },
            {
              "title": "Try to get user details with invalid id",
              "fullTitle": "Get user details Try to get user details with invalid id",
              "timedOut": null,
              "duration": 497,
              "state": "passed",
              "speed": "slow",
              "pass": true,
              "fail": false,
              "pending": false,
              "context": null,
              "code": "const state = window.testState;\nreturn cy\n  .then(() => state.onStartScenario(scenario, indexedSteps))\n  .then(() =>\n    resolveAndRunBeforeHooks.call(this, scenario.tags, state.feature.name)\n  )\n  .then(() =>\n    indexedSteps.forEach((step) =>\n      stepTest.call(this, state, step, rowData)\n    )\n  )\n  .then(() => state.onFinishScenario(scenario));",
              "err": {},
              "uuid": "e5c6c566-2764-439f-ab74-7acec251f0ae",
              "parentUUID": "7ce37394-c75c-49d2-88db-6638d56b2fec",
              "isHook": false,
              "skipped": false
            }
          ],
          "suites": [],
          "passes": [
            "0361bfa8-88a1-4d98-b37e-b9dd5a5052cc",
            "e5c6c566-2764-439f-ab74-7acec251f0ae"
          ],
          "failures": [],
          "pending": [],
          "skipped": [],
          "duration": 2493,
          "root": false,
          "rootEmpty": false,
          "_timeout": 2000
        }
      ],
      "passes": [],
      "failures": [],
      "pending": [],
      "skipped": [],
      "duration": 0,
      "root": true,
      "rootEmpty": true,
      "_timeout": 2000
    }
  ],
  "meta": {
    "mocha": {
      "version": "7.0.1"
    },
    "mochawesome": {
      "options": {
        "quiet": true,
        "reportFilename": "mochawesome",
        "saveHtml": false,
        "saveJson": true,
        "consoleReporter": "spec",
        "useInlineDiffs": false,
        "code": true
      },
      "version": "6.2.2"
    },
    "marge": {
      "options": {
        "id": "default",
        "reportDir": "cypress/reports/mocha",
        "quiet": true,
        "overwrite": false,
        "html": false,
        "json": true
      },
      "version": "5.2.0"
    }
  }
}