{
  "stats": {
    "suites": 3,
    "tests": 8,
    "passes": 8,
    "pending": 0,
    "failures": 0,
    "start": "2021-05-31T00:12:15.760Z",
    "end": "2021-05-31T00:12:40.489Z",
    "duration": 9474,
    "testsRegistered": 8,
    "passPercent": 100,
    "pendingPercent": 0,
    "other": 0,
    "hasOther": false,
    "skipped": 0,
    "hasSkipped": false
  },
  "results": [
    {
      "uuid": "da5a83d4-e0c6-402a-80cd-23e56c4bcc30",
      "title": "",
      "fullFile": "cypress/integration/createUser.feature",
      "file": "cypress/integration/createUser.feature",
      "beforeHooks": [],
      "afterHooks": [],
      "tests": [],
      "suites": [
        {
          "uuid": "74976004-1d4a-44fa-8e98-a93e97d9323c",
          "title": "Create user",
          "fullFile": "",
          "file": "",
          "beforeHooks": [],
          "afterHooks": [],
          "tests": [
            {
              "title": "No authorization to create user",
              "fullTitle": "Create user No authorization to create user",
              "timedOut": null,
              "duration": 2188,
              "state": "passed",
              "speed": "slow",
              "pass": true,
              "fail": false,
              "pending": false,
              "context": null,
              "code": "const state = window.testState;\nreturn cy\n  .then(() => state.onStartScenario(scenario, indexedSteps))\n  .then(() =>\n    resolveAndRunBeforeHooks.call(this, scenario.tags, state.feature.name)\n  )\n  .then(() =>\n    indexedSteps.forEach((step) =>\n      stepTest.call(this, state, step, rowData)\n    )\n  )\n  .then(() => state.onFinishScenario(scenario));",
              "err": {},
              "uuid": "26b4670b-4e51-4d73-a244-e5377dd5e0b3",
              "parentUUID": "74976004-1d4a-44fa-8e98-a93e97d9323c",
              "isHook": false,
              "skipped": false
            },
            {
              "title": "Create user successfully",
              "fullTitle": "Create user Create user successfully",
              "timedOut": null,
              "duration": 956,
              "state": "passed",
              "speed": "slow",
              "pass": true,
              "fail": false,
              "pending": false,
              "context": null,
              "code": "const state = window.testState;\nreturn cy\n  .then(() => state.onStartScenario(scenario, indexedSteps))\n  .then(() =>\n    resolveAndRunBeforeHooks.call(this, scenario.tags, state.feature.name)\n  )\n  .then(() =>\n    indexedSteps.forEach((step) =>\n      stepTest.call(this, state, step, rowData)\n    )\n  )\n  .then(() => state.onFinishScenario(scenario));",
              "err": {},
              "uuid": "ab942475-19a6-4818-bbda-9ae83605d099",
              "parentUUID": "74976004-1d4a-44fa-8e98-a93e97d9323c",
              "isHook": false,
              "skipped": false
            },
            {
              "title": "Try to create a user with none of the required fields",
              "fullTitle": "Create user Try to create a user with none of the required fields",
              "timedOut": null,
              "duration": 427,
              "state": "passed",
              "speed": "slow",
              "pass": true,
              "fail": false,
              "pending": false,
              "context": null,
              "code": "const state = window.testState;\nreturn cy\n  .then(() => state.onStartScenario(scenario, indexedSteps))\n  .then(() =>\n    resolveAndRunBeforeHooks.call(this, scenario.tags, state.feature.name)\n  )\n  .then(() =>\n    indexedSteps.forEach((step) =>\n      stepTest.call(this, state, step, rowData)\n    )\n  )\n  .then(() => state.onFinishScenario(scenario));",
              "err": {},
              "uuid": "2f1a9a92-313e-4527-877f-c31364afc090",
              "parentUUID": "74976004-1d4a-44fa-8e98-a93e97d9323c",
              "isHook": false,
              "skipped": false
            }
          ],
          "suites": [],
          "passes": [
            "26b4670b-4e51-4d73-a244-e5377dd5e0b3",
            "ab942475-19a6-4818-bbda-9ae83605d099",
            "2f1a9a92-313e-4527-877f-c31364afc090"
          ],
          "failures": [],
          "pending": [],
          "skipped": [],
          "duration": 3571,
          "root": false,
          "rootEmpty": false,
          "_timeout": 2000
        }
      ],
      "passes": [],
      "failures": [],
      "pending": [],
      "skipped": [],
      "duration": 0,
      "root": true,
      "rootEmpty": true,
      "_timeout": 2000
    },
    {
      "uuid": "6480270a-ed1c-43b2-9e4a-932ffe0d3645",
      "title": "",
      "fullFile": "cypress/integration/deleteUser.feature",
      "file": "cypress/integration/deleteUser.feature",
      "beforeHooks": [],
      "afterHooks": [],
      "tests": [],
      "suites": [
        {
          "uuid": "3f2f6f77-039a-4244-bcc4-e8cc4f648e33",
          "title": "Delete user",
          "fullFile": "",
          "file": "",
          "beforeHooks": [],
          "afterHooks": [],
          "tests": [
            {
              "title": "No authorization to delete user",
              "fullTitle": "Delete user No authorization to delete user",
              "timedOut": null,
              "duration": 1940,
              "state": "passed",
              "speed": "slow",
              "pass": true,
              "fail": false,
              "pending": false,
              "context": null,
              "code": "const state = window.testState;\nreturn cy\n  .then(() => state.onStartScenario(scenario, indexedSteps))\n  .then(() =>\n    resolveAndRunBeforeHooks.call(this, scenario.tags, state.feature.name)\n  )\n  .then(() =>\n    indexedSteps.forEach((step) =>\n      stepTest.call(this, state, step, rowData)\n    )\n  )\n  .then(() => state.onFinishScenario(scenario));",
              "err": {},
              "uuid": "7aeca031-2981-4781-a867-9c08a9432b21",
              "parentUUID": "3f2f6f77-039a-4244-bcc4-e8cc4f648e33",
              "isHook": false,
              "skipped": false
            },
            {
              "title": "Delete user successfully",
              "fullTitle": "Delete user Delete user successfully",
              "timedOut": null,
              "duration": 959,
              "state": "passed",
              "speed": "slow",
              "pass": true,
              "fail": false,
              "pending": false,
              "context": null,
              "code": "const state = window.testState;\nreturn cy\n  .then(() => state.onStartScenario(scenario, indexedSteps))\n  .then(() =>\n    resolveAndRunBeforeHooks.call(this, scenario.tags, state.feature.name)\n  )\n  .then(() =>\n    indexedSteps.forEach((step) =>\n      stepTest.call(this, state, step, rowData)\n    )\n  )\n  .then(() => state.onFinishScenario(scenario));",
              "err": {},
              "uuid": "fcd1393d-c5de-4b91-9b22-f0e27d62718e",
              "parentUUID": "3f2f6f77-039a-4244-bcc4-e8cc4f648e33",
              "isHook": false,
              "skipped": false
            },
            {
              "title": "Try to delete a user with invalid id",
              "fullTitle": "Delete user Try to delete a user with invalid id",
              "timedOut": null,
              "duration": 511,
              "state": "passed",
              "speed": "slow",
              "pass": true,
              "fail": false,
              "pending": false,
              "context": null,
              "code": "const state = window.testState;\nreturn cy\n  .then(() => state.onStartScenario(scenario, indexedSteps))\n  .then(() =>\n    resolveAndRunBeforeHooks.call(this, scenario.tags, state.feature.name)\n  )\n  .then(() =>\n    indexedSteps.forEach((step) =>\n      stepTest.call(this, state, step, rowData)\n    )\n  )\n  .then(() => state.onFinishScenario(scenario));",
              "err": {},
              "uuid": "127bf6f6-ad30-4801-9652-9b8624a5486d",
              "parentUUID": "3f2f6f77-039a-4244-bcc4-e8cc4f648e33",
              "isHook": false,
              "skipped": false
            }
          ],
          "suites": [],
          "passes": [
            "7aeca031-2981-4781-a867-9c08a9432b21",
            "fcd1393d-c5de-4b91-9b22-f0e27d62718e",
            "127bf6f6-ad30-4801-9652-9b8624a5486d"
          ],
          "failures": [],
          "pending": [],
          "skipped": [],
          "duration": 3410,
          "root": false,
          "rootEmpty": false,
          "_timeout": 2000
        }
      ],
      "passes": [],
      "failures": [],
      "pending": [],
      "skipped": [],
      "duration": 0,
      "root": true,
      "rootEmpty": true,
      "_timeout": 2000
    },
    {
      "uuid": "72f61bce-8e10-4ed9-81eb-06d381d712f4",
      "title": "",
      "fullFile": "cypress/integration/getUserDetails.feature",
      "file": "cypress/integration/getUserDetails.feature",
      "beforeHooks": [],
      "afterHooks": [],
      "tests": [],
      "suites": [
        {
          "uuid": "7ce37394-c75c-49d2-88db-6638d56b2fec",
          "title": "Get user details",
          "fullFile": "",
          "file": "",
          "beforeHooks": [],
          "afterHooks": [],
          "tests": [
            {
              "title": "Get user details with valid id",
              "fullTitle": "Get user details Get user details with valid id",
              "timedOut": null,
              "duration": 1996,
              "state": "passed",
              "speed": "slow",
              "pass": true,
              "fail": false,
              "pending": false,
              "context": null,
              "code": "const state = window.testState;\nreturn cy\n  .then(() => state.onStartScenario(scenario, indexedSteps))\n  .then(() =>\n    resolveAndRunBeforeHooks.call(this, scenario.tags, state.feature.name)\n  )\n  .then(() =>\n    indexedSteps.forEach((step) =>\n      stepTest.call(this, state, step, rowData)\n    )\n  )\n  .then(() => state.onFinishScenario(scenario));",
              "err": {},
              "uuid": "0361bfa8-88a1-4d98-b37e-b9dd5a5052cc",
              "parentUUID": "7ce37394-c75c-49d2-88db-6638d56b2fec",
              "isHook": false,
              "skipped": false
            },
            {
              "title": "Try to get user details with invalid id",
              "fullTitle": "Get user details Try to get user details with invalid id",
              "timedOut": null,
              "duration": 497,
              "state": "passed",
              "speed": "slow",
              "pass": true,
              "fail": false,
              "pending": false,
              "context": null,
              "code": "const state = window.testState;\nreturn cy\n  .then(() => state.onStartScenario(scenario, indexedSteps))\n  .then(() =>\n    resolveAndRunBeforeHooks.call(this, scenario.tags, state.feature.name)\n  )\n  .then(() =>\n    indexedSteps.forEach((step) =>\n      stepTest.call(this, state, step, rowData)\n    )\n  )\n  .then(() => state.onFinishScenario(scenario));",
              "err": {},
              "uuid": "e5c6c566-2764-439f-ab74-7acec251f0ae",
              "parentUUID": "7ce37394-c75c-49d2-88db-6638d56b2fec",
              "isHook": false,
              "skipped": false
            }
          ],
          "suites": [],
          "passes": [
            "0361bfa8-88a1-4d98-b37e-b9dd5a5052cc",
            "e5c6c566-2764-439f-ab74-7acec251f0ae"
          ],
          "failures": [],
          "pending": [],
          "skipped": [],
          "duration": 2493,
          "root": false,
          "rootEmpty": false,
          "_timeout": 2000
        }
      ],
      "passes": [],
      "failures": [],
      "pending": [],
      "skipped": [],
      "duration": 0,
      "root": true,
      "rootEmpty": true,
      "_timeout": 2000
    }
  ],
  "meta": {
    "mocha": {
      "version": "7.0.1"
    },
    "mochawesome": {
      "options": {
        "quiet": true,
        "reportFilename": "mochawesome",
        "saveHtml": false,
        "saveJson": true,
        "consoleReporter": "spec",
        "useInlineDiffs": false,
        "code": true
      },
      "version": "6.2.2"
    },
    "marge": {
      "options": {
        "id": "default",
        "reportDir": "cypress/reports/mocha",
        "quiet": true,
        "overwrite": false,
        "html": false,
        "json": true
      },
      "version": "5.2.0"
    }
  }
}